Processing size class 32
  Actual payload size: 24 bytes, N: 16
  Allocating 5242880 objects
        Before: Pool 4 = 8.81%
         Alloc: Pool 4 = 99.98%
      Fragment: Pool 4 = 2.03%
Processing size class 48
  Actual payload size: 40 bytes, N: 32
  Allocating 3491840 objects
        Before: Pool 6 = 23.19%
         Alloc: Pool 6 = 99.95%
      Fragment: Pool 6 = 2.18%
Processing size class 64
  Actual payload size: 56 bytes, N: 48
  Allocating 2621440 objects
        Before: Pool 8 = 50.2%
         Alloc: Pool 8 = 99.97%
      Fragment: Pool 8 = 5.04%
Processing size class 80
  Actual payload size: 72 bytes, N: 64
  Allocating 2088960 objects
        Before: Pool 10 = 57.85%
         Alloc: Pool 10 = 99.98%
      Fragment: Pool 10 = 2.83%
Processing size class 96
  Actual payload size: 88 bytes, N: 80
  Allocating 1740800 objects
        Before: Pool 12 = 14.41%
         Alloc: Pool 12 = 99.94%
      Fragment: Pool 12 = 1.44%
Processing size class 112
  Actual payload size: 104 bytes, N: 96
  Allocating 1495040 objects
        Before: Pool 14 = 17.81%
         Alloc: Pool 14 = 99.99%
      Fragment: Pool 14 = 0.96%
Processing size class 128
  Actual payload size: 120 bytes, N: 112
  Allocating 1310720 objects
        Before: Pool 16 = 69.59%
         Alloc: Pool 16 = 99.99%
      Fragment: Pool 16 = 3.48%
Processing size class 144
  Actual payload size: 136 bytes, N: 128
  Allocating 1157120 objects
        Before: Pool 18 = 29.29%
         Alloc: Pool 18 = 99.96%
      Fragment: Pool 18 = 2.25%
Processing size class 160
  Actual payload size: 152 bytes, N: 144
  Allocating 1044480 objects
        Before: Pool 19 = 47.6%
         Alloc: Pool 19 = 99.99%
      Fragment: Pool 19 = 2.64%
Processing size class 176
  Actual payload size: 168 bytes, N: 160
  Allocating 952320 objects
        Before: Pool 20 = 62.58%
         Alloc: Pool 20 = 99.99%
      Fragment: Pool 20 = 1.55%
Processing size class 192
  Actual payload size: 184 bytes, N: 176
  Allocating 870400 objects
        Before: Pool 21 = 40.66%
         Alloc: Pool 21 = 100.0%
      Fragment: Pool 21 = 1.73%
Processing size class 208
  Actual payload size: 200 bytes, N: 192
  Allocating 798720 objects
        Before: Pool 22 = 29.93%
         Alloc: Pool 22 = 99.99%
      Fragment: Pool 22 = 2.34%
Processing size class 224
  Actual payload size: 216 bytes, N: 208
  Allocating 747520 objects
        Before: Pool 23 = 3.5%
         Alloc: Pool 23 = 99.98%
      Fragment: Pool 23 = 1.69%
Processing size class 240
  Actual payload size: 232 bytes, N: 224
  Allocating 696320 objects
        Before: Pool 24 = 60.02%
         Alloc: Pool 24 = 99.98%
      Fragment: Pool 24 = 2.14%
Processing size class 256
  Actual payload size: 248 bytes, N: 240
  Allocating 655360 objects
        Before: Pool 25 = 38.42%
         Alloc: Pool 25 = 99.99%
      Fragment: Pool 25 = 4.82%
Processing size class 272
  Actual payload size: 264 bytes, N: 256
  Allocating 614400 objects
        Before: Pool 26 = 35.92%
         Alloc: Pool 26 = 100.0%
      Fragment: Pool 26 = 2.16%
Processing size class 288
  Actual payload size: 280 bytes, N: 272
  Allocating 573440 objects
        Before: Pool 27 = 43.06%
         Alloc: Pool 27 = 99.99%
      Fragment: Pool 27 = 3.83%
Processing size class 304
  Actual payload size: 296 bytes, N: 288
  Allocating 542720 objects
        Before: Pool 28 = 65.03%
         Alloc: Pool 28 = 99.99%
      Fragment: Pool 28 = 3.76%
Processing size class 336
  Actual payload size: 328 bytes, N: 320
  Allocating 491520 objects
        Before: Pool 29 = 56.99%
         Alloc: Pool 29 = 100.0%
      Fragment: Pool 29 = 3.81%
Processing size class 368
  Actual payload size: 360 bytes, N: 352
  Allocating 450560 objects
        Before: Pool 30 = 57.76%
         Alloc: Pool 30 = 99.99%
      Fragment: Pool 30 = 3.84%
Processing size class 400
  Actual payload size: 392 bytes, N: 384
  Allocating 409600 objects
        Before: Pool 31 = 62.29%
         Alloc: Pool 31 = 99.99%
      Fragment: Pool 31 = 5.0%
Processing size class 448
  Actual payload size: 440 bytes, N: 432
  Allocating 368640 objects
        Before: Pool 32 = 61.89%
         Alloc: Pool 32 = 99.98%
      Fragment: Pool 32 = 4.75%
Processing size class 496
  Actual payload size: 488 bytes, N: 480
  Allocating 337920 objects
        Before: Pool 33 = 62.66%
         Alloc: Pool 33 = 99.99%
      Fragment: Pool 33 = 3.37%
Processing size class 544
  Actual payload size: 536 bytes, N: 528
  Allocating 307200 objects
        Before: Pool 34 = 67.18%
         Alloc: Pool 34 = 100.0%
      Fragment: Pool 34 = 4.32%
Processing size class 576
  Actual payload size: 568 bytes, N: 560
  Allocating 286720 objects
        Before: Pool 35 = 71.88%
         Alloc: Pool 35 = 99.99%
      Fragment: Pool 35 = 5.34%
Processing size class 624
  Actual payload size: 616 bytes, N: 608
  Allocating 266240 objects
        Before: Pool 36 = 63.4%
         Alloc: Pool 36 = 99.99%
      Fragment: Pool 36 = 5.11%
Processing size class 672
  Actual payload size: 664 bytes, N: 656
  Allocating 245760 objects
        Before: Pool 37 = 83.39%
         Alloc: Pool 37 = 99.99%
      Fragment: Pool 37 = 5.98%
Processing size class 736
  Actual payload size: 728 bytes, N: 720
  Allocating 225280 objects
        Before: Pool 38 = 70.93%
         Alloc: Pool 38 = 99.99%
      Fragment: Pool 38 = 6.02%
Processing size class 816
  Actual payload size: 808 bytes, N: 800
  Allocating 204800 objects
        Before: Pool 39 = 72.93%
         Alloc: Pool 39 = 100.0%
      Fragment: Pool 39 = 5.9%
Processing size class 896
  Actual payload size: 888 bytes, N: 880
  Allocating 184320 objects
        Before: Pool 40 = 73.16%
         Alloc: Pool 40 = 99.99%
      Fragment: Pool 40 = 7.47%
Processing size class 1008
  Actual payload size: 1000 bytes, N: 992
  Allocating 163840 objects
        Before: Pool 41 = 68.33%
         Alloc: Pool 41 = 99.99%
      Fragment: Pool 41 = 8.22%
Processing size class 1088
  Actual payload size: 1080 bytes, N: 1072
  Allocating 153600 objects
        Before: Pool 42 = 76.52%
         Alloc: Pool 42 = 99.99%
      Fragment: Pool 42 = 7.53%
Processing size class 1168
  Actual payload size: 1160 bytes, N: 1152
  Allocating 143360 objects
        Before: Pool 43 = 74.34%
         Alloc: Pool 43 = 99.99%
      Fragment: Pool 43 = 7.57%
Processing size class 1248
  Actual payload size: 1240 bytes, N: 1232
  Allocating 133120 objects
        Before: Pool 44 = 85.01%
         Alloc: Pool 44 = 99.99%
      Fragment: Pool 44 = 8.84%
Processing size class 1360
  Actual payload size: 1352 bytes, N: 1344
  Allocating 122880 objects
        Before: Pool 45 = 77.96%
         Alloc: Pool 45 = 100.0%
      Fragment: Pool 45 = 9.12%
Processing size class 1488
  Actual payload size: 1480 bytes, N: 1472
  Allocating 112640 objects
        Before: Pool 46 = 80.78%
         Alloc: Pool 46 = 99.99%
      Fragment: Pool 46 = 9.5%
Processing size class 1632
  Actual payload size: 1624 bytes, N: 1616
  Allocating 102400 objects
        Before: Pool 47 = 76.95%
         Alloc: Pool 47 = 99.99%
      Fragment: Pool 47 = 10.7%
Processing size class 1808
  Actual payload size: 1800 bytes, N: 1792
  Allocating 92160 objects
        Before: Pool 48 = 84.14%
         Alloc: Pool 48 = 99.99%
      Fragment: Pool 48 = 12.08%
Processing size class 2032
  Actual payload size: 2024 bytes, N: 2016
  Allocating 81920 objects
        Before: Pool 49 = 84.92%
         Alloc: Pool 49 = 99.99%
      Fragment: Pool 49 = 13.56%

Fragmentation complete.
         Final: Pool 1 = 100.0%
         Final: Pool 2 = 1.29%
         Final: Pool 3 = 100.0%
         Final: Pool 4 = 1.89%
         Final: Pool 5 = 100.0%
         Final: Pool 6 = 2.21%
         Final: Pool 7 = 100.0%
         Final: Pool 8 = 4.75%
         Final: Pool 9 = 100.0%
         Final: Pool 10 = 2.85%
         Final: Pool 11 = 100.0%
         Final: Pool 12 = 1.44%
         Final: Pool 13 = 100.0%
         Final: Pool 14 = 0.96%
         Final: Pool 15 = 100.0%
         Final: Pool 16 = 2.74%
         Final: Pool 17 = 100.0%
         Final: Pool 18 = 2.28%
         Final: Pool 19 = 2.64%
         Final: Pool 20 = 1.55%
         Final: Pool 21 = 1.73%
         Final: Pool 22 = 2.34%
         Final: Pool 23 = 1.69%
         Final: Pool 24 = 2.14%
         Final: Pool 25 = 3.31%
         Final: Pool 26 = 2.16%
         Final: Pool 27 = 3.83%
         Final: Pool 28 = 3.76%
         Final: Pool 29 = 3.81%
         Final: Pool 30 = 3.84%
         Final: Pool 31 = 5.0%
         Final: Pool 32 = 4.75%
         Final: Pool 33 = 3.37%
         Final: Pool 34 = 4.31%
         Final: Pool 35 = 5.34%
         Final: Pool 36 = 5.11%
         Final: Pool 37 = 5.98%
         Final: Pool 38 = 6.02%
         Final: Pool 39 = 5.9%
         Final: Pool 40 = 7.47%
         Final: Pool 41 = 8.22%
         Final: Pool 42 = 7.53%
         Final: Pool 43 = 7.57%
         Final: Pool 44 = 8.84%
         Final: Pool 45 = 9.12%
         Final: Pool 46 = 9.5%
         Final: Pool 47 = 10.7%
         Final: Pool 48 = 12.08%
         Final: Pool 49 = 13.56%
